INFO:root:Output: small_multiqa_minilm_final
Traceback (most recent call last):
  File "train_script.py", line 534, in <module>
    raise RuntimeError("Output folder already exists.")
RuntimeError: Output folder already exists.
Fatal error condition occurred in /opt/vcpkg/buildtrees/aws-c-io/src/9e6648842a-364b708815.clean/source/event_loop.c:72: aws_thread_launch(&cleanup_thread, s_event_loop_destroy_async_thread_fn, el_group, &thread_options) == AWS_OP_SUCCESS
Exiting Application
################################################################################
Stack trace:
################################################################################
/ext3/miniconda3/envs/rblm/lib/python3.8/site-packages/pyarrow/libarrow.so.900(+0x200af06) [0x14d114445f06]
/ext3/miniconda3/envs/rblm/lib/python3.8/site-packages/pyarrow/libarrow.so.900(+0x20028e5) [0x14d11443d8e5]
/ext3/miniconda3/envs/rblm/lib/python3.8/site-packages/pyarrow/libarrow.so.900(+0x1f27e09) [0x14d114362e09]
/ext3/miniconda3/envs/rblm/lib/python3.8/site-packages/pyarrow/libarrow.so.900(+0x200ba3d) [0x14d114446a3d]
/ext3/miniconda3/envs/rblm/lib/python3.8/site-packages/pyarrow/libarrow.so.900(+0x1f25948) [0x14d114360948]
/ext3/miniconda3/envs/rblm/lib/python3.8/site-packages/pyarrow/libarrow.so.900(+0x200ba3d) [0x14d114446a3d]
/ext3/miniconda3/envs/rblm/lib/python3.8/site-packages/pyarrow/libarrow.so.900(+0x1ee0b46) [0x14d11431bb46]
/ext3/miniconda3/envs/rblm/lib/python3.8/site-packages/pyarrow/libarrow.so.900(+0x194546a) [0x14d113d8046a]
/lib/x86_64-linux-gnu/libc.so.6(+0x49a27) [0x14d21059ca27]
/lib/x86_64-linux-gnu/libc.so.6(on_exit+0) [0x14d21059cbe0]
/lib/x86_64-linux-gnu/libc.so.6(__libc_start_main+0xfa) [0x14d21057a0ba]
python(+0x1d6e13) [0x561adb1f7e13]
/opt/slurm/data/slurmd/job26260755/slurm_script: line 189: 1703437 Aborted                 singularity exec --nv --overlay /scratch/zw2374/overlay-50G-10M.ext3:ro /scratch/work/public/singularity/cuda11.3.0-cudnn8-devel-ubuntu20.04.sif /bin/bash -c "
source /ext3/env.sh
conda activate rblm
python train_script.py --model_path nreimers/MiniLM-L6-H384-uncased --data_config data_config.json --data_folder fast_processed_data_138_final  --output small_multiqa_minilm_final --batch_size 128 --epochs 200 --save_head  --save_epochs 1 --external_embedding --test_eval
"
