['Hi, I was wondering if there was a swimming pool that an out of town person could use while visiting.', 'Reference number is : LAKQV5EK.', 'I was able to get you into the El Shaddai and your reference number is JG24DZVF.', "I'd like a taxi to the cafe jello gallery please.", 'Okay, it needs to be 4 stars.  What about Guesthouses?', 'There is no smoking permitted on this property. Should I create a reservation for you?', 'May I pay for my taxi with a Master card?', 'Is it okay to use American Express to pay for the cab fare?', 'Ok. The booking was successful.  Your reference number is OBFYQJZU.', 'Sure, which part of town did you want to eat in?', 'Great! Thank you for all your help.', 'Booked! Reference number: NA0XWZAR. Your table will be held for 15 minutes.', 'I need some more information. How many people? What day would you like to book? How many days would you like to stay?', 'Sure.  The address showing is between victoria road and the river.  Again, their phone number is 0122330257.  Can I help with anything else?', 'Yes, there are lots of options for you. What type of food are you looking for?', "Will I be able to stay on the internet when I'm on the train?", 'I need some help booking a train to stansted airport.', 'How about a place to dine in the expensive price range serving indian food.', 'Okay! The price for each ticket would be 16.60 pounds.', "Sorry, it looks like they're all booked up. Would you like to try a different day or just one night?", "I made you a reservation at Nando's south, at 14:30 on Monday. The reference number is HB047XSI. They'll hold the table for 15 minutes. Do you need anything else?", 'I want to try a local restraint, can you help?', 'There is free private parking at the hotel. Do you have any other questions?', 'No unfortunately there is not disability access available. Would you like me to help you with anything else?', 'Can I have their phone number? Do they have free parking?', 'You can use your ticket by visiting the ticket office at the station before you board the train. Is there anything else I can help you with?', 'I need to leave on Thursday and arrive no later than 09:45.', 'I would need 6 tickets please and the reference number.', "You'll only be charged for bike parking overnight on weekdays and on weekends. Would you like help with anything else?", 'I have booked a taxi for you. The contact number is 07892402400 and it will be a white Volkswagen. Can I help you with anything else?', 'Okay, sounds good. What attraction are you thinking about?', 'no. i just want the address for today', 'No I really want a 4 star hotel in the east, how about one with only free wifi?', "I'm afraid not, none in Cambridge. Would you like a different cuisine?", "Do you happen to know if there's an on-site fitness center?", 'That depends on what hotel you want, but children are allowed at most. Any other questions about the hotels or things you want?', 'Going to london liverpool street from cambridge. I need to arrive by 17:45.', 'Sure, how about some British food?', 'I have the university arms hotel located in the centre.', "I'm looking for a pricey Indian place. I wanna show off to my date.", 'Will it be possible to cancel the booking for circumstances?', 'I would like to get a taxi to pick me up after 16:45.', 'No that we be all for today. Thank you.', 'what is the cost of having WiFi on the train?', 'Yes, does this restaurant allow guest to bring their own liquor?', 'Your booking for Kymmoy restaurant was successful and your reference number is 5IFCHKNS. The information for you taxi is a Grey Tesla and its contact number is 07674543654.', 'La Rasa is not wheelchair accessible. Will that be all?', 'Yes if they allow dogs onboard. Do they allow pets?', 'I have it booked the reference number is IYHXK218 and the price is 42.96 GBP.', "Is that a guesthouse? I would like to stay in a guesthouse please. It doesn't need to have free parking.", 'First is the mobility scooter I will be travelling with allowed on the train?', 'When does the train station at Stansted Airport open?', 'No, you cannot smoke at this guest house. Is that the only question you have?', 'Can you find me a particular hotel please?', "You've come to the right place. What can I help you with today?", 'Surely, I have made that change and the new reference number is YWF1K74N. Is there anything else I can do for you?', "My plans aren't totally confirmed, so I need to ask if it is possible to cancel the taxi booking later should those plans fall through?", 'Does this hotel have lift?', 'There are 133 trains. Where will you be leaving from?', 'Okay! You can choose Cherry Hinton Hall and Grounds or Funky Fun House. Do either of these appeal to you?', 'You booking was successful. The table will be reserved for 15 minutes. Reference number is : WYZGXOVQ.', 'Thank you for all of the helpful information!', 'No, I just need the area and the post code please.', "What's the address there?"]
{'input_ids': tensor([[    0, 30086,     6,    38,    21,  8020,   114,    89,    21,    10,
          7358,  3716,    14,    41,    66,     9,  1139,   621,   115,   304,
           150,  3918,     4,     2,     1,     1,     1,     1,     1,     1,
             1,     1,     1,     1,     1,     1,     1,     1,     1,     1,
             1,     1,     1,     1],
        [    0, 45963,   346,    16,  4832,  5168,   530,  1864,   846,   245,
           717,   530,     4,     2,     1,     1,     1,     1,     1,     1,
             1,     1,     1,     1,     1,     1,     1,     1,     1,     1,
             1,     1,     1,     1,     1,     1,     1,     1,     1,     1,
             1,     1,     1,     1],
        [    0,   100,    21,   441,     7,   120,    47,    88,     5,  1448,
           840,  4917,  1439,     8,   110,  5135,   346,    16,   344,   534,
          1978,   495,  1301,   846,   597,     4,     2,     1,     1,     1,
             1,     1,     1,     1,     1,     1,     1,     1,     1,     1,
             1,     1,     1,     1],
        [    0,   100,  1017,   101,    10,  9955,     7,     5, 16381,  1236,
         10913,  7294,  2540,     4,     2,     1,     1,     1,     1,     1,
             1,     1,     1,     1,     1,     1,     1,     1,     1,     1,
             1,     1,     1,     1,     1,     1,     1,     1,     1,     1,
             1,     1,     1,     1],
        [    0, 33082,     6,    24,   782,     7,    28,   204,  2690,     4,
          1437,   653,    59, 22809, 18917,   116,     2,     1,     1,     1,
             1,     1,     1,     1,     1,     1,     1,     1,     1,     1,
             1,     1,     1,     1,     1,     1,     1,     1,     1,     1,
             1,     1,     1,     1],
        [    0,   970,    16,   117,  7893, 11047,    15,    42,  1038,     4,
          7698,    38,  1045,    10, 17246,    13,    47,   116,     2,     1,
             1,     1,     1,     1,     1,     1,     1,     1,     1,     1,
             1,     1,     1,     1,     1,     1,     1,     1,     1,     1,
             1,     1,     1,     1],
        [    0, 10004,    38,   582,    13,   127,  9955,    19,    10,  6935,
          1886,   116,     2,     1,     1,     1,     1,     1,     1,     1,
             1,     1,     1,     1,     1,     1,     1,     1,     1,     1,
             1,     1,     1,     1,     1,     1,     1,     1,     1,     1,
             1,     1,     1,     1],
        [    0,  6209,    24,  8578,     7,   304,   470,  3619,     7,   582,
            13,     5, 11148, 11031,   116,     2,     1,     1,     1,     1,
             1,     1,     1,     1,     1,     1,     1,     1,     1,     1,
             1,     1,     1,     1,     1,     1,     1,     1,     1,     1,
             1,     1,     1,     1],
        [    0, 26752,     4,    20, 12666,    21,  1800,     4,  1437,  2486,
          5135,   346,    16, 28214, 28409,  1864,   863,  1301,   791,     4,
             2,     1,     1,     1,     1,     1,     1,     1,     1,     1,
             1,     1,     1,     1,     1,     1,     1,     1,     1,     1,
             1,     1,     1,     1],
        [    0, 32541,     6,    61,   233,     9,  1139,   222,    47,   236,
             7,  3529,    11,   116,     2,     1,     1,     1,     1,     1,
             1,     1,     1,     1,     1,     1,     1,     1,     1,     1,
             1,     1,     1,     1,     1,     1,     1,     1,     1,     1,
             1,     1,     1,     1],
        [    0, 19065,   328,  3837,    47,    13,    70,   110,   244,     4,
             2,     1,     1,     1,     1,     1,     1,     1,     1,     1,
             1,     1,     1,     1,     1,     1,     1,     1,     1,     1,
             1,     1,     1,     1,     1,     1,     1,     1,     1,     1,
             1,     1,     1,     1],
        [    0, 24751,   196,   328, 34177,   346,    35,  8438,   288,  1000,
           771,  1301,  2747,     4,  2486,  2103,    40,    28,   547,    13,
           379,   728,     4,     2,     1,     1,     1,     1,     1,     1,
             1,     1,     1,     1,     1,     1,     1,     1,     1,     1,
             1,     1,     1,     1],
        [    0,   100,   240,   103,    55,   335,     4,  1336,   171,    82,
           116,   653,   183,    74,    47,   101,     7,  1040,   116,  1336,
           171,   360,    74,    47,   101,     7,  1095,   116,     2,     1,
             1,     1,     1,     1,     1,     1,     1,     1,     1,     1,
             1,     1,     1,     1],
        [    0, 32541,     4,  1437,    20,  1100,  2018,    16,   227, 25005,
          7228,   921,     8,     5,  4908,     4,  1437,  7574,     6,    49,
          1028,   346,    16,  9465, 27996,   541, 31297,     4,  1437,  2615,
            38,   244,    19,   932,  1493,   116,     2,     1,     1,     1,
             1,     1,     1,     1],
        [    0,  9904,     6,    89,    32,  3739,     9,  1735,    13,    47,
             4,   653,  1907,     9,   689,    32,    47,   546,    13,   116,
             2,     1,     1,     1,     1,     1,     1,     1,     1,     1,
             1,     1,     1,     1,     1,     1,     1,     1,     1,     1,
             1,     1,     1,     1],
        [    0, 17485,    38,    28,   441,     7,  1095,    15,     5,  2888,
            77,    38,   437,    15,     5,  2341,   116,     2,     1,     1,
             1,     1,     1,     1,     1,     1,     1,     1,     1,     1,
             1,     1,     1,     1,     1,     1,     1,     1,     1,     1,
             1,     1,     1,     1],
        [    0,   100,   240,   103,   244, 12666,    10,  2341,     7,  1690,
           260, 16460,  3062,     4,     2,     1,     1,     1,     1,     1,
             1,     1,     1,     1,     1,     1,     1,     1,     1,     1,
             1,     1,     1,     1,     1,     1,     1,     1,     1,     1,
             1,     1,     1,     1],
        [    0,  6179,    59,    10,   317,     7,   385,   833,    11,     5,
          3214,   425,  1186,  2754,  9473,   811,   689,     4,     2,     1,
             1,     1,     1,     1,     1,     1,     1,     1,     1,     1,
             1,     1,     1,     1,     1,     1,     1,     1,     1,     1,
             1,     1,     1,     1],
        [    0, 33082,   328,    20,   425,    13,   349,  3682,    74,    28,
           545,     4,  2466,  2697,     4,     2,     1,     1,     1,     1,
             1,     1,     1,     1,     1,     1,     1,     1,     1,     1,
             1,     1,     1,     1,     1,     1,     1,     1,     1,     1,
             1,     1,     1,     1],
        [    0, 31535,     6,    24,  1326,   101,    51,   214,    70,  7512,
            62,     4, 11258,    47,   101,     7,   860,    10,   430,   183,
            50,    95,    65,   363,   116,     2,     1,     1,     1,     1,
             1,     1,     1,     1,     1,     1,     1,     1,     1,     1,
             1,     1,     1,     1],
        [    0,   100,   156,    47,    10, 17246,    23,   234,  5502,    18,
          2077,     6,    23,   501,    35,   541,    15,   302,     4,    20,
          5135,   346,    16, 22783, 41782,  1000,  6850,     4,   252,   581,
           946,     5,  2103,    13,   379,   728,     4,  1832,    47,   240,
           932,  1493,   116,     2],
        [    0,   100,   236,     7,   860,    10,   400, 20219,     6,    64,
            47,   244,   116,     2,     1,     1,     1,     1,     1,     1,
             1,     1,     1,     1,     1,     1,     1,     1,     1,     1,
             1,     1,     1,     1,     1,     1,     1,     1,     1,     1,
             1,     1,     1,     1],
        [    0,   970,    16,   481,   940,  2932,    23,     5,  2303,     4,
          1832,    47,    33,   143,    97,  1142,   116,     2,     1,     1,
             1,     1,     1,     1,     1,     1,     1,     1,     1,     1,
             1,     1,     1,     1,     1,     1,     1,     1,     1,     1,
             1,     1,     1,     1],
        [    0,  3084,  9574,    89,    16,    45, 11096,   899,   577,     4,
         11258,    47,   101,   162,     7,   244,    47,    19,   932,  1493,
           116,     2,     1,     1,     1,     1,     1,     1,     1,     1,
             1,     1,     1,     1,     1,     1,     1,     1,     1,     1,
             1,     1,     1,     1],
        [    0, 10836,    38,    33,    49,  1028,   346,   116,  1832,    51,
            33,   481,  2932,   116,     2,     1,     1,     1,     1,     1,
             1,     1,     1,     1,     1,     1,     1,     1,     1,     1,
             1,     1,     1,     1,     1,     1,     1,     1,     1,     1,
             1,     1,     1,     1],
        [    0,  1185,    64,   304,   110,  3682,    30,  3918,     5,  3682,
           558,    23,     5,  1992,   137,    47,   792,     5,  2341,     4,
          1534,    89,   932,  1493,    38,    64,   244,    47,    19,   116,
             2,     1,     1,     1,     1,     1,     1,     1,     1,     1,
             1,     1,     1,     1],
        [    0,   100,   240,     7,   989,    15,   296,     8,  5240,   117,
           423,    87, 12087,    35,  1898,     4,     2,     1,     1,     1,
             1,     1,     1,     1,     1,     1,     1,     1,     1,     1,
             1,     1,     1,     1,     1,     1,     1,     1,     1,     1,
             1,     1,     1,     1],
        [    0,   100,    74,   240,   231,  3308,  2540,     8,     5,  5135,
           346,     4,     2,     1,     1,     1,     1,     1,     1,     1,
             1,     1,     1,     1,     1,     1,     1,     1,     1,     1,
             1,     1,     1,     1,     1,     1,     1,     1,     1,     1,
             1,     1,     1,     1],
        [    0,  1185,   581,   129,    28,  1340,    13,  4806,  2932,  4427,
            15,   186,  7033,     8,    15, 12729,     4, 11258,    47,   101,
           244,    19,   932,  1493,   116,     2,     1,     1,     1,     1,
             1,     1,     1,     1,     1,     1,     1,     1,     1,     1,
             1,     1,     1,     1],
        [    0,   100,    33,  7512,    10,  9955,    13,    47,     4,    20,
          1511,   346,    16,   321, 39413, 18847,  1978,   612,     8,    24,
            40,    28,    10,  1104, 10685,     4,  2615,    38,   244,    47,
            19,   932,  1493,   116,     2,     1,     1,     1,     1,     1,
             1,     1,     1,     1],
        [    0, 33082,     6,  4428,   205,     4,   653, 13003,    32,    47,
          2053,    59,   116,     2,     1,     1,     1,     1,     1,     1,
             1,     1,     1,     1,     1,     1,     1,     1,     1,     1,
             1,     1,     1,     1,     1,     1,     1,     1,     1,     1,
             1,     1,     1,     1],
        [    0,  2362,     4,   939,    95,   236,     5,  1100,    13,   452,
             2,     1,     1,     1,     1,     1,     1,     1,     1,     1,
             1,     1,     1,     1,     1,     1,     1,     1,     1,     1,
             1,     1,     1,     1,     1,     1,     1,     1,     1,     1,
             1,     1,     1,     1],
        [    0,  3084,    38,   269,   236,    10,   204,   999,  2303,    11,
             5,  3017,     6,   141,    59,    65,    19,   129,   481, 42387,
           116,     2,     1,     1,     1,     1,     1,     1,     1,     1,
             1,     1,     1,     1,     1,     1,     1,     1,     1,     1,
             1,     1,     1,     1],
        [    0,   100,   437,  6023,    45,     6,  4146,    11,  6912,     4,
         11258,    47,   101,    10,   430, 18196,   116,     2,     1,     1,
             1,     1,     1,     1,     1,     1,     1,     1,     1,     1,
             1,     1,     1,     1,     1,     1,     1,     1,     1,     1,
             1,     1,     1,     1],
        [    0,  8275,    47,  1369,     7,   216,   114,    89,    18,    41,
            15,    12, 11953,  5704,  1312,   116,     2,     1,     1,     1,
             1,     1,     1,     1,     1,     1,     1,     1,     1,     1,
             1,     1,     1,     1,     1,     1,     1,     1,     1,     1,
             1,     1,     1,     1],
        [    0,  1711,  7971,    15,    99,  2303,    47,   236,     6,    53,
           408,    32,  1220,    23,   144,     4,  5053,    97,  1142,    59,
             5,  7336,    50,   383,    47,   236,   116,     2,     1,     1,
             1,     1,     1,     1,     1,     1,     1,     1,     1,     1,
             1,     1,     1,     1],
        [    0, 27524,     7,   784, 24639,   784, 47683,  2014,    31, 11021,
          7820,     4,    38,   240,     7,  5240,    30,   601,    35,  1898,
             4,     2,     1,     1,     1,     1,     1,     1,     1,     1,
             1,     1,     1,     1,     1,     1,     1,     1,     1,     1,
             1,     1,     1,     1],
        [    0, 32541,     6,   141,    59,   103,  1089,   689,   116,     2,
             1,     1,     1,     1,     1,     1,     1,     1,     1,     1,
             1,     1,     1,     1,     1,     1,     1,     1,     1,     1,
             1,     1,     1,     1,     1,     1,     1,     1,     1,     1,
             1,     1,     1,     1],
        [    0,   100,    33,     5,  2737,  3701,  2303,  2034,    11,     5,
          2100,     4,     2,     1,     1,     1,     1,     1,     1,     1,
             1,     1,     1,     1,     1,     1,     1,     1,     1,     1,
             1,     1,     1,     1,     1,     1,     1,     1,     1,     1,
             1,     1,     1,     1],
        [    0,   100,   437,   546,    13,    10, 26428,  1362,   317,     4,
            38, 23126,   311,   160,     7,   127,  1248,     4,     2,     1,
             1,     1,     1,     1,     1,     1,     1,     1,     1,     1,
             1,     1,     1,     1,     1,     1,     1,     1,     1,     1,
             1,     1,     1,     1],
        [    0, 17485,    24,    28,   678,     7, 10061,     5, 12666,    13,
          4215,   116,     2,     1,     1,     1,     1,     1,     1,     1,
             1,     1,     1,     1,     1,     1,     1,     1,     1,     1,
             1,     1,     1,     1,     1,     1,     1,     1,     1,     1,
             1,     1,     1,     1],
        [    0,   100,    74,   101,     7,   120,    10,  9955,     7,  1339,
           162,    62,    71,   545,    35,  1898,     4,     2,     1,     1,
             1,     1,     1,     1,     1,     1,     1,     1,     1,     1,
             1,     1,     1,     1,     1,     1,     1,     1,     1,     1,
             1,     1,     1,     1],
        [    0,  3084,    14,    52,    28,    70,    13,   452,     4,  3837,
            47,     4,     2,     1,     1,     1,     1,     1,     1,     1,
             1,     1,     1,     1,     1,     1,     1,     1,     1,     1,
             1,     1,     1,     1,     1,     1,     1,     1,     1,     1,
             1,     1,     1,     1],
        [    0, 12196,    16,     5,   701,     9,   519, 26784,    15,     5,
          2341,   116,     2,     1,     1,     1,     1,     1,     1,     1,
             1,     1,     1,     1,     1,     1,     1,     1,     1,     1,
             1,     1,     1,     1,     1,     1,     1,     1,     1,     1,
             1,     1,     1,     1],
        [    0,  9904,     6,   473,    42,  2391,  1157,  4910,     7,   836,
            49,   308, 13782,   116,     2,     1,     1,     1,     1,     1,
             1,     1,     1,     1,     1,     1,     1,     1,     1,     1,
             1,     1,     1,     1,     1,     1,     1,     1,     1,     1,
             1,     1,     1,     1],
        [    0, 12861, 12666,    13,  5959,  5471,  2160,  2391,    21,  1800,
             8,   110,  5135,   346,    16,   195,  7025,  3764,   530,  6949,
             4,    20,   335,    13,    47,  9955,    16,    10, 10558,  4919,
             8,    63,  1511,   346,    16, 13470,  4111, 35511,  3367,  4283,
             4,     2,     1,     1],
        [    0, 10766,   248,  8810,    16,    45, 14298,  6500,     4,  2290,
            14,    28,    70,   116,     2,     1,     1,     1,     1,     1,
             1,     1,     1,     1,     1,     1,     1,     1,     1,     1,
             1,     1,     1,     1,     1,     1,     1,     1,     1,     1,
             1,     1,     1,     1],
        [    0,  9904,   114,    51,  1157,  3678, 17250,     4,  1832,    51,
          1157, 10029,   116,     2,     1,     1,     1,     1,     1,     1,
             1,     1,     1,     1,     1,     1,     1,     1,     1,     1,
             1,     1,     1,     1,     1,     1,     1,     1,     1,     1,
             1,     1,     1,     1],
        [    0,   100,    33,    24,  7512,     5,  5135,   346,    16,    38,
           975,   725,  1000,   530, 30487,     8,     5,   425,    16,  3330,
             4,  5607,  7216,   510,     4,     2,     1,     1,     1,     1,
             1,     1,     1,     1,     1,     1,     1,     1,     1,     1,
             1,     1,     1,     1],
        [    0,  6209,    14,    10,  4910,  3138,   116,    38,    74,   101,
             7,  1095,    11,    10,  4910,  3138,  2540,     4,    85,   630,
            75,   240,     7,    33,   481,  2932,     4,     2,     1,     1,
             1,     1,     1,     1,     1,     1,     1,     1,     1,     1,
             1,     1,     1,     1],
        [    0, 10993,    16,     5, 11525,  2850, 15917,    38,    40,    28,
          7290,    19,  1220,    15,     5,  2341,   116,     2,     1,     1,
             1,     1,     1,     1,     1,     1,     1,     1,     1,     1,
             1,     1,     1,     1,     1,     1,     1,     1,     1,     1,
             1,     1,     1,     1],
        [    0,  1779,   473,     5,  2341,  1992,    23,  8995, 16460,  4414,
           490,   116,     2,     1,     1,     1,     1,     1,     1,     1,
             1,     1,     1,     1,     1,     1,     1,     1,     1,     1,
             1,     1,     1,     1,     1,     1,     1,     1,     1,     1,
             1,     1,     1,     1],
        [    0,  3084,     6,    47,  1395,  4603,    23,    42,  4910,   790,
             4,  1534,    14,     5,   129,   864,    47,    33,   116,     2,
             1,     1,     1,     1,     1,     1,     1,     1,     1,     1,
             1,     1,     1,     1,     1,     1,     1,     1,     1,     1,
             1,     1,     1,     1],
        [    0, 10836,    47,   465,   162,    10,  1989,  2303,  2540,   116,
             2,     1,     1,     1,     1,     1,     1,     1,     1,     1,
             1,     1,     1,     1,     1,     1,     1,     1,     1,     1,
             1,     1,     1,     1,     1,     1,     1,     1,     1,     1,
             1,     1,     1,     1],
        [    0,  1185,   348,   283,     7,     5,   235,   317,     4,   653,
            64,    38,   244,    47,    19,   452,   116,     2,     1,     1,
             1,     1,     1,     1,     1,     1,     1,     1,     1,     1,
             1,     1,     1,     1,     1,     1,     1,     1,     1,     1,
             1,     1,     1,     1],
        [    0, 32541,   352,     6,    38,    33,   156,    14,   464,     8,
             5,    92,  5135,   346,    16,   854, 34189,   134,   530,  5243,
           487,     4,  1534,    89,   932,  1493,    38,    64,   109,    13,
            47,   116,     2,     1,     1,     1,     1,     1,     1,     1,
             1,     1,     1,     1],
        [    0,  2387,   708,  2025,    75,  4940,  1474,     6,    98,    38,
           240,     7,  1394,   114,    24,    16,   678,     7, 10061,     5,
          9955, 12666,   423,   197,   167,   708,  1136,   149,   116,     2,
             1,     1,     1,     1,     1,     1,     1,     1,     1,     1,
             1,     1,     1,     1],
        [    0, 27847,    42,  2303,    33,  5258,   116,     2,     1,     1,
             1,     1,     1,     1,     1,     1,     1,     1,     1,     1,
             1,     1,     1,     1,     1,     1,     1,     1,     1,     1,
             1,     1,     1,     1,     1,     1,     1,     1,     1,     1,
             1,     1,     1,     1],
        [    0,   970,    32, 21448,  7717,     4,  4820,    40,    47,    28,
          1618,    31,   116,     2,     1,     1,     1,     1,     1,     1,
             1,     1,     1,     1,     1,     1,     1,     1,     1,     1,
             1,     1,     1,     1,     1,     1,     1,     1,     1,     1,
             1,     1,     1,     1],
        [    0, 33082,   328,   370,    64,  2807, 17238,   289, 10528,  1631,
             8, 36268,    50,  6283,  4122,  6283,   446,     4,  1832,  1169,
             9,   209,  2868,     7,    47,   116,     2,     1,     1,     1,
             1,     1,     1,     1,     1,     1,     1,     1,     1,     1,
             1,     1,     1,     1],
        [    0,  1185, 12666,    21,  1800,     4,    20,  2103,    40,    28,
          1875,    13,   379,   728,     4, 34177,   346,    16,  4832,   305,
           975,  1301,   534,  1000, 13565,  1864,     4,     2,     1,     1,
             1,     1,     1,     1,     1,     1,     1,     1,     1,     1,
             1,     1,     1,     1],
        [    0, 13987,    47,    13,    70,     9,     5,  7163,   335,   328,
             2,     1,     1,     1,     1,     1,     1,     1,     1,     1,
             1,     1,     1,     1,     1,     1,     1,     1,     1,     1,
             1,     1,     1,     1,     1,     1,     1,     1,     1,     1,
             1,     1,     1,     1],
        [    0,  3084,     6,    38,    95,   240,     5,   443,     8,     5,
           618,  3260,  2540,     4,     2,     1,     1,     1,     1,     1,
             1,     1,     1,     1,     1,     1,     1,     1,     1,     1,
             1,     1,     1,     1,     1,     1,     1,     1,     1,     1,
             1,     1,     1,     1],
        [    0,  2264,    18,     5,  1100,    89,   116,     2,     1,     1,
             1,     1,     1,     1,     1,     1,     1,     1,     1,     1,
             1,     1,     1,     1,     1,     1,     1,     1,     1,     1,
             1,     1,     1,     1,     1,     1,     1,     1,     1,     1,
             1,     1,     1,     1]]), 'attention_mask': tensor([[1, 1, 1, 1, 1, 1, 1, 1, 1, 1, 1, 1, 1, 1, 1, 1, 1, 1, 1, 1, 1, 1, 1, 1,
         0, 0, 0, 0, 0, 0, 0, 0, 0, 0, 0, 0, 0, 0, 0, 0, 0, 0, 0, 0],
        [1, 1, 1, 1, 1, 1, 1, 1, 1, 1, 1, 1, 1, 1, 0, 0, 0, 0, 0, 0, 0, 0, 0, 0,
         0, 0, 0, 0, 0, 0, 0, 0, 0, 0, 0, 0, 0, 0, 0, 0, 0, 0, 0, 0],
        [1, 1, 1, 1, 1, 1, 1, 1, 1, 1, 1, 1, 1, 1, 1, 1, 1, 1, 1, 1, 1, 1, 1, 1,
         1, 1, 1, 0, 0, 0, 0, 0, 0, 0, 0, 0, 0, 0, 0, 0, 0, 0, 0, 0],
        [1, 1, 1, 1, 1, 1, 1, 1, 1, 1, 1, 1, 1, 1, 1, 0, 0, 0, 0, 0, 0, 0, 0, 0,
         0, 0, 0, 0, 0, 0, 0, 0, 0, 0, 0, 0, 0, 0, 0, 0, 0, 0, 0, 0],
        [1, 1, 1, 1, 1, 1, 1, 1, 1, 1, 1, 1, 1, 1, 1, 1, 1, 0, 0, 0, 0, 0, 0, 0,
         0, 0, 0, 0, 0, 0, 0, 0, 0, 0, 0, 0, 0, 0, 0, 0, 0, 0, 0, 0],
        [1, 1, 1, 1, 1, 1, 1, 1, 1, 1, 1, 1, 1, 1, 1, 1, 1, 1, 1, 0, 0, 0, 0, 0,
         0, 0, 0, 0, 0, 0, 0, 0, 0, 0, 0, 0, 0, 0, 0, 0, 0, 0, 0, 0],
        [1, 1, 1, 1, 1, 1, 1, 1, 1, 1, 1, 1, 1, 0, 0, 0, 0, 0, 0, 0, 0, 0, 0, 0,
         0, 0, 0, 0, 0, 0, 0, 0, 0, 0, 0, 0, 0, 0, 0, 0, 0, 0, 0, 0],
        [1, 1, 1, 1, 1, 1, 1, 1, 1, 1, 1, 1, 1, 1, 1, 1, 0, 0, 0, 0, 0, 0, 0, 0,
         0, 0, 0, 0, 0, 0, 0, 0, 0, 0, 0, 0, 0, 0, 0, 0, 0, 0, 0, 0],
        [1, 1, 1, 1, 1, 1, 1, 1, 1, 1, 1, 1, 1, 1, 1, 1, 1, 1, 1, 1, 1, 0, 0, 0,
         0, 0, 0, 0, 0, 0, 0, 0, 0, 0, 0, 0, 0, 0, 0, 0, 0, 0, 0, 0],
        [1, 1, 1, 1, 1, 1, 1, 1, 1, 1, 1, 1, 1, 1, 1, 0, 0, 0, 0, 0, 0, 0, 0, 0,
         0, 0, 0, 0, 0, 0, 0, 0, 0, 0, 0, 0, 0, 0, 0, 0, 0, 0, 0, 0],
        [1, 1, 1, 1, 1, 1, 1, 1, 1, 1, 1, 0, 0, 0, 0, 0, 0, 0, 0, 0, 0, 0, 0, 0,
         0, 0, 0, 0, 0, 0, 0, 0, 0, 0, 0, 0, 0, 0, 0, 0, 0, 0, 0, 0],
        [1, 1, 1, 1, 1, 1, 1, 1, 1, 1, 1, 1, 1, 1, 1, 1, 1, 1, 1, 1, 1, 1, 1, 1,
         0, 0, 0, 0, 0, 0, 0, 0, 0, 0, 0, 0, 0, 0, 0, 0, 0, 0, 0, 0],
        [1, 1, 1, 1, 1, 1, 1, 1, 1, 1, 1, 1, 1, 1, 1, 1, 1, 1, 1, 1, 1, 1, 1, 1,
         1, 1, 1, 1, 1, 0, 0, 0, 0, 0, 0, 0, 0, 0, 0, 0, 0, 0, 0, 0],
        [1, 1, 1, 1, 1, 1, 1, 1, 1, 1, 1, 1, 1, 1, 1, 1, 1, 1, 1, 1, 1, 1, 1, 1,
         1, 1, 1, 1, 1, 1, 1, 1, 1, 1, 1, 1, 1, 0, 0, 0, 0, 0, 0, 0],
        [1, 1, 1, 1, 1, 1, 1, 1, 1, 1, 1, 1, 1, 1, 1, 1, 1, 1, 1, 1, 1, 0, 0, 0,
         0, 0, 0, 0, 0, 0, 0, 0, 0, 0, 0, 0, 0, 0, 0, 0, 0, 0, 0, 0],
        [1, 1, 1, 1, 1, 1, 1, 1, 1, 1, 1, 1, 1, 1, 1, 1, 1, 1, 0, 0, 0, 0, 0, 0,
         0, 0, 0, 0, 0, 0, 0, 0, 0, 0, 0, 0, 0, 0, 0, 0, 0, 0, 0, 0],
        [1, 1, 1, 1, 1, 1, 1, 1, 1, 1, 1, 1, 1, 1, 1, 0, 0, 0, 0, 0, 0, 0, 0, 0,
         0, 0, 0, 0, 0, 0, 0, 0, 0, 0, 0, 0, 0, 0, 0, 0, 0, 0, 0, 0],
        [1, 1, 1, 1, 1, 1, 1, 1, 1, 1, 1, 1, 1, 1, 1, 1, 1, 1, 1, 0, 0, 0, 0, 0,
         0, 0, 0, 0, 0, 0, 0, 0, 0, 0, 0, 0, 0, 0, 0, 0, 0, 0, 0, 0],
        [1, 1, 1, 1, 1, 1, 1, 1, 1, 1, 1, 1, 1, 1, 1, 1, 0, 0, 0, 0, 0, 0, 0, 0,
         0, 0, 0, 0, 0, 0, 0, 0, 0, 0, 0, 0, 0, 0, 0, 0, 0, 0, 0, 0],
        [1, 1, 1, 1, 1, 1, 1, 1, 1, 1, 1, 1, 1, 1, 1, 1, 1, 1, 1, 1, 1, 1, 1, 1,
         1, 1, 0, 0, 0, 0, 0, 0, 0, 0, 0, 0, 0, 0, 0, 0, 0, 0, 0, 0],
        [1, 1, 1, 1, 1, 1, 1, 1, 1, 1, 1, 1, 1, 1, 1, 1, 1, 1, 1, 1, 1, 1, 1, 1,
         1, 1, 1, 1, 1, 1, 1, 1, 1, 1, 1, 1, 1, 1, 1, 1, 1, 1, 1, 1],
        [1, 1, 1, 1, 1, 1, 1, 1, 1, 1, 1, 1, 1, 1, 0, 0, 0, 0, 0, 0, 0, 0, 0, 0,
         0, 0, 0, 0, 0, 0, 0, 0, 0, 0, 0, 0, 0, 0, 0, 0, 0, 0, 0, 0],
        [1, 1, 1, 1, 1, 1, 1, 1, 1, 1, 1, 1, 1, 1, 1, 1, 1, 1, 0, 0, 0, 0, 0, 0,
         0, 0, 0, 0, 0, 0, 0, 0, 0, 0, 0, 0, 0, 0, 0, 0, 0, 0, 0, 0],
        [1, 1, 1, 1, 1, 1, 1, 1, 1, 1, 1, 1, 1, 1, 1, 1, 1, 1, 1, 1, 1, 1, 0, 0,
         0, 0, 0, 0, 0, 0, 0, 0, 0, 0, 0, 0, 0, 0, 0, 0, 0, 0, 0, 0],
        [1, 1, 1, 1, 1, 1, 1, 1, 1, 1, 1, 1, 1, 1, 1, 0, 0, 0, 0, 0, 0, 0, 0, 0,
         0, 0, 0, 0, 0, 0, 0, 0, 0, 0, 0, 0, 0, 0, 0, 0, 0, 0, 0, 0],
        [1, 1, 1, 1, 1, 1, 1, 1, 1, 1, 1, 1, 1, 1, 1, 1, 1, 1, 1, 1, 1, 1, 1, 1,
         1, 1, 1, 1, 1, 1, 1, 0, 0, 0, 0, 0, 0, 0, 0, 0, 0, 0, 0, 0],
        [1, 1, 1, 1, 1, 1, 1, 1, 1, 1, 1, 1, 1, 1, 1, 1, 1, 0, 0, 0, 0, 0, 0, 0,
         0, 0, 0, 0, 0, 0, 0, 0, 0, 0, 0, 0, 0, 0, 0, 0, 0, 0, 0, 0],
        [1, 1, 1, 1, 1, 1, 1, 1, 1, 1, 1, 1, 1, 0, 0, 0, 0, 0, 0, 0, 0, 0, 0, 0,
         0, 0, 0, 0, 0, 0, 0, 0, 0, 0, 0, 0, 0, 0, 0, 0, 0, 0, 0, 0],
        [1, 1, 1, 1, 1, 1, 1, 1, 1, 1, 1, 1, 1, 1, 1, 1, 1, 1, 1, 1, 1, 1, 1, 1,
         1, 1, 0, 0, 0, 0, 0, 0, 0, 0, 0, 0, 0, 0, 0, 0, 0, 0, 0, 0],
        [1, 1, 1, 1, 1, 1, 1, 1, 1, 1, 1, 1, 1, 1, 1, 1, 1, 1, 1, 1, 1, 1, 1, 1,
         1, 1, 1, 1, 1, 1, 1, 1, 1, 1, 1, 0, 0, 0, 0, 0, 0, 0, 0, 0],
        [1, 1, 1, 1, 1, 1, 1, 1, 1, 1, 1, 1, 1, 1, 0, 0, 0, 0, 0, 0, 0, 0, 0, 0,
         0, 0, 0, 0, 0, 0, 0, 0, 0, 0, 0, 0, 0, 0, 0, 0, 0, 0, 0, 0],
        [1, 1, 1, 1, 1, 1, 1, 1, 1, 1, 1, 0, 0, 0, 0, 0, 0, 0, 0, 0, 0, 0, 0, 0,
         0, 0, 0, 0, 0, 0, 0, 0, 0, 0, 0, 0, 0, 0, 0, 0, 0, 0, 0, 0],
        [1, 1, 1, 1, 1, 1, 1, 1, 1, 1, 1, 1, 1, 1, 1, 1, 1, 1, 1, 1, 1, 1, 0, 0,
         0, 0, 0, 0, 0, 0, 0, 0, 0, 0, 0, 0, 0, 0, 0, 0, 0, 0, 0, 0],
        [1, 1, 1, 1, 1, 1, 1, 1, 1, 1, 1, 1, 1, 1, 1, 1, 1, 1, 0, 0, 0, 0, 0, 0,
         0, 0, 0, 0, 0, 0, 0, 0, 0, 0, 0, 0, 0, 0, 0, 0, 0, 0, 0, 0],
        [1, 1, 1, 1, 1, 1, 1, 1, 1, 1, 1, 1, 1, 1, 1, 1, 1, 0, 0, 0, 0, 0, 0, 0,
         0, 0, 0, 0, 0, 0, 0, 0, 0, 0, 0, 0, 0, 0, 0, 0, 0, 0, 0, 0],
        [1, 1, 1, 1, 1, 1, 1, 1, 1, 1, 1, 1, 1, 1, 1, 1, 1, 1, 1, 1, 1, 1, 1, 1,
         1, 1, 1, 1, 0, 0, 0, 0, 0, 0, 0, 0, 0, 0, 0, 0, 0, 0, 0, 0],
        [1, 1, 1, 1, 1, 1, 1, 1, 1, 1, 1, 1, 1, 1, 1, 1, 1, 1, 1, 1, 1, 1, 0, 0,
         0, 0, 0, 0, 0, 0, 0, 0, 0, 0, 0, 0, 0, 0, 0, 0, 0, 0, 0, 0],
        [1, 1, 1, 1, 1, 1, 1, 1, 1, 1, 0, 0, 0, 0, 0, 0, 0, 0, 0, 0, 0, 0, 0, 0,
         0, 0, 0, 0, 0, 0, 0, 0, 0, 0, 0, 0, 0, 0, 0, 0, 0, 0, 0, 0],
        [1, 1, 1, 1, 1, 1, 1, 1, 1, 1, 1, 1, 1, 0, 0, 0, 0, 0, 0, 0, 0, 0, 0, 0,
         0, 0, 0, 0, 0, 0, 0, 0, 0, 0, 0, 0, 0, 0, 0, 0, 0, 0, 0, 0],
        [1, 1, 1, 1, 1, 1, 1, 1, 1, 1, 1, 1, 1, 1, 1, 1, 1, 1, 1, 0, 0, 0, 0, 0,
         0, 0, 0, 0, 0, 0, 0, 0, 0, 0, 0, 0, 0, 0, 0, 0, 0, 0, 0, 0],
        [1, 1, 1, 1, 1, 1, 1, 1, 1, 1, 1, 1, 1, 0, 0, 0, 0, 0, 0, 0, 0, 0, 0, 0,
         0, 0, 0, 0, 0, 0, 0, 0, 0, 0, 0, 0, 0, 0, 0, 0, 0, 0, 0, 0],
        [1, 1, 1, 1, 1, 1, 1, 1, 1, 1, 1, 1, 1, 1, 1, 1, 1, 1, 0, 0, 0, 0, 0, 0,
         0, 0, 0, 0, 0, 0, 0, 0, 0, 0, 0, 0, 0, 0, 0, 0, 0, 0, 0, 0],
        [1, 1, 1, 1, 1, 1, 1, 1, 1, 1, 1, 1, 1, 0, 0, 0, 0, 0, 0, 0, 0, 0, 0, 0,
         0, 0, 0, 0, 0, 0, 0, 0, 0, 0, 0, 0, 0, 0, 0, 0, 0, 0, 0, 0],
        [1, 1, 1, 1, 1, 1, 1, 1, 1, 1, 1, 1, 1, 0, 0, 0, 0, 0, 0, 0, 0, 0, 0, 0,
         0, 0, 0, 0, 0, 0, 0, 0, 0, 0, 0, 0, 0, 0, 0, 0, 0, 0, 0, 0],
        [1, 1, 1, 1, 1, 1, 1, 1, 1, 1, 1, 1, 1, 1, 1, 0, 0, 0, 0, 0, 0, 0, 0, 0,
         0, 0, 0, 0, 0, 0, 0, 0, 0, 0, 0, 0, 0, 0, 0, 0, 0, 0, 0, 0],
        [1, 1, 1, 1, 1, 1, 1, 1, 1, 1, 1, 1, 1, 1, 1, 1, 1, 1, 1, 1, 1, 1, 1, 1,
         1, 1, 1, 1, 1, 1, 1, 1, 1, 1, 1, 1, 1, 1, 1, 1, 1, 1, 0, 0],
        [1, 1, 1, 1, 1, 1, 1, 1, 1, 1, 1, 1, 1, 1, 1, 0, 0, 0, 0, 0, 0, 0, 0, 0,
         0, 0, 0, 0, 0, 0, 0, 0, 0, 0, 0, 0, 0, 0, 0, 0, 0, 0, 0, 0],
        [1, 1, 1, 1, 1, 1, 1, 1, 1, 1, 1, 1, 1, 1, 0, 0, 0, 0, 0, 0, 0, 0, 0, 0,
         0, 0, 0, 0, 0, 0, 0, 0, 0, 0, 0, 0, 0, 0, 0, 0, 0, 0, 0, 0],
        [1, 1, 1, 1, 1, 1, 1, 1, 1, 1, 1, 1, 1, 1, 1, 1, 1, 1, 1, 1, 1, 1, 1, 1,
         1, 1, 0, 0, 0, 0, 0, 0, 0, 0, 0, 0, 0, 0, 0, 0, 0, 0, 0, 0],
        [1, 1, 1, 1, 1, 1, 1, 1, 1, 1, 1, 1, 1, 1, 1, 1, 1, 1, 1, 1, 1, 1, 1, 1,
         1, 1, 1, 1, 0, 0, 0, 0, 0, 0, 0, 0, 0, 0, 0, 0, 0, 0, 0, 0],
        [1, 1, 1, 1, 1, 1, 1, 1, 1, 1, 1, 1, 1, 1, 1, 1, 1, 1, 0, 0, 0, 0, 0, 0,
         0, 0, 0, 0, 0, 0, 0, 0, 0, 0, 0, 0, 0, 0, 0, 0, 0, 0, 0, 0],
        [1, 1, 1, 1, 1, 1, 1, 1, 1, 1, 1, 1, 1, 0, 0, 0, 0, 0, 0, 0, 0, 0, 0, 0,
         0, 0, 0, 0, 0, 0, 0, 0, 0, 0, 0, 0, 0, 0, 0, 0, 0, 0, 0, 0],
        [1, 1, 1, 1, 1, 1, 1, 1, 1, 1, 1, 1, 1, 1, 1, 1, 1, 1, 1, 1, 0, 0, 0, 0,
         0, 0, 0, 0, 0, 0, 0, 0, 0, 0, 0, 0, 0, 0, 0, 0, 0, 0, 0, 0],
        [1, 1, 1, 1, 1, 1, 1, 1, 1, 1, 1, 0, 0, 0, 0, 0, 0, 0, 0, 0, 0, 0, 0, 0,
         0, 0, 0, 0, 0, 0, 0, 0, 0, 0, 0, 0, 0, 0, 0, 0, 0, 0, 0, 0],
        [1, 1, 1, 1, 1, 1, 1, 1, 1, 1, 1, 1, 1, 1, 1, 1, 1, 1, 0, 0, 0, 0, 0, 0,
         0, 0, 0, 0, 0, 0, 0, 0, 0, 0, 0, 0, 0, 0, 0, 0, 0, 0, 0, 0],
        [1, 1, 1, 1, 1, 1, 1, 1, 1, 1, 1, 1, 1, 1, 1, 1, 1, 1, 1, 1, 1, 1, 1, 1,
         1, 1, 1, 1, 1, 1, 1, 1, 1, 0, 0, 0, 0, 0, 0, 0, 0, 0, 0, 0],
        [1, 1, 1, 1, 1, 1, 1, 1, 1, 1, 1, 1, 1, 1, 1, 1, 1, 1, 1, 1, 1, 1, 1, 1,
         1, 1, 1, 1, 1, 1, 0, 0, 0, 0, 0, 0, 0, 0, 0, 0, 0, 0, 0, 0],
        [1, 1, 1, 1, 1, 1, 1, 1, 0, 0, 0, 0, 0, 0, 0, 0, 0, 0, 0, 0, 0, 0, 0, 0,
         0, 0, 0, 0, 0, 0, 0, 0, 0, 0, 0, 0, 0, 0, 0, 0, 0, 0, 0, 0],
        [1, 1, 1, 1, 1, 1, 1, 1, 1, 1, 1, 1, 1, 1, 0, 0, 0, 0, 0, 0, 0, 0, 0, 0,
         0, 0, 0, 0, 0, 0, 0, 0, 0, 0, 0, 0, 0, 0, 0, 0, 0, 0, 0, 0],
        [1, 1, 1, 1, 1, 1, 1, 1, 1, 1, 1, 1, 1, 1, 1, 1, 1, 1, 1, 1, 1, 1, 1, 1,
         1, 1, 1, 0, 0, 0, 0, 0, 0, 0, 0, 0, 0, 0, 0, 0, 0, 0, 0, 0],
        [1, 1, 1, 1, 1, 1, 1, 1, 1, 1, 1, 1, 1, 1, 1, 1, 1, 1, 1, 1, 1, 1, 1, 1,
         1, 1, 1, 1, 0, 0, 0, 0, 0, 0, 0, 0, 0, 0, 0, 0, 0, 0, 0, 0],
        [1, 1, 1, 1, 1, 1, 1, 1, 1, 1, 1, 0, 0, 0, 0, 0, 0, 0, 0, 0, 0, 0, 0, 0,
         0, 0, 0, 0, 0, 0, 0, 0, 0, 0, 0, 0, 0, 0, 0, 0, 0, 0, 0, 0],
        [1, 1, 1, 1, 1, 1, 1, 1, 1, 1, 1, 1, 1, 1, 1, 0, 0, 0, 0, 0, 0, 0, 0, 0,
         0, 0, 0, 0, 0, 0, 0, 0, 0, 0, 0, 0, 0, 0, 0, 0, 0, 0, 0, 0],
        [1, 1, 1, 1, 1, 1, 1, 1, 0, 0, 0, 0, 0, 0, 0, 0, 0, 0, 0, 0, 0, 0, 0, 0,
         0, 0, 0, 0, 0, 0, 0, 0, 0, 0, 0, 0, 0, 0, 0, 0, 0, 0, 0, 0]]), 'encoder_hidden_keys': tensor([[[ 0.0334, -0.0149, -0.0100,  ..., -0.0123,  0.0079,  0.0049],
         [ 0.0334, -0.0149, -0.0100,  ..., -0.0123,  0.0079,  0.0049],
         [ 0.0334, -0.0149, -0.0100,  ..., -0.0123,  0.0079,  0.0049],
         ...,
         [ 0.0000,  0.0000,  0.0000,  ...,  0.0000,  0.0000,  0.0000],
         [ 0.0000,  0.0000,  0.0000,  ...,  0.0000,  0.0000,  0.0000],
         [ 0.0000,  0.0000,  0.0000,  ...,  0.0000,  0.0000,  0.0000]],

        [[ 0.0142, -0.0467, -0.0401,  ..., -0.0156, -0.0474, -0.0424],
         [ 0.0142, -0.0467, -0.0401,  ..., -0.0156, -0.0474, -0.0424],
         [ 0.0142, -0.0467, -0.0401,  ..., -0.0156, -0.0474, -0.0424],
         ...,
         [ 0.0000,  0.0000,  0.0000,  ...,  0.0000,  0.0000,  0.0000],
         [ 0.0000,  0.0000,  0.0000,  ...,  0.0000,  0.0000,  0.0000],
         [ 0.0000,  0.0000,  0.0000,  ...,  0.0000,  0.0000,  0.0000]],

        [[-0.0153, -0.0039, -0.0429,  ...,  0.0365, -0.0750, -0.0159],
         [-0.0153, -0.0039, -0.0429,  ...,  0.0365, -0.0750, -0.0159],
         [-0.0153, -0.0039, -0.0429,  ...,  0.0365, -0.0750, -0.0159],
         ...,
         [ 0.0000,  0.0000,  0.0000,  ...,  0.0000,  0.0000,  0.0000],
         [ 0.0000,  0.0000,  0.0000,  ...,  0.0000,  0.0000,  0.0000],
         [ 0.0000,  0.0000,  0.0000,  ...,  0.0000,  0.0000,  0.0000]],

        ...,

        [[ 0.0347,  0.0676, -0.0254,  ..., -0.0098, -0.0713,  0.0107],
         [ 0.0347,  0.0676, -0.0254,  ..., -0.0098, -0.0713,  0.0107],
         [ 0.0347,  0.0676, -0.0254,  ..., -0.0098, -0.0713,  0.0107],
         ...,
         [ 0.0000,  0.0000,  0.0000,  ...,  0.0000,  0.0000,  0.0000],
         [ 0.0000,  0.0000,  0.0000,  ...,  0.0000,  0.0000,  0.0000],
         [ 0.0000,  0.0000,  0.0000,  ...,  0.0000,  0.0000,  0.0000]],

        [[-0.0041, -0.0520, -0.0181,  ..., -0.0207,  0.0242, -0.0333],
         [-0.0041, -0.0520, -0.0181,  ..., -0.0207,  0.0242, -0.0333],
         [-0.0041, -0.0520, -0.0181,  ..., -0.0207,  0.0242, -0.0333],
         ...,
         [ 0.0000,  0.0000,  0.0000,  ...,  0.0000,  0.0000,  0.0000],
         [ 0.0000,  0.0000,  0.0000,  ...,  0.0000,  0.0000,  0.0000],
         [ 0.0000,  0.0000,  0.0000,  ...,  0.0000,  0.0000,  0.0000]],

        [[-0.0334, -0.0481, -0.0061,  ..., -0.0572,  0.0045, -0.0091],
         [-0.0334, -0.0481, -0.0061,  ..., -0.0572,  0.0045, -0.0091],
         [-0.0334, -0.0481, -0.0061,  ..., -0.0572,  0.0045, -0.0091],
         ...,
         [ 0.0000,  0.0000,  0.0000,  ...,  0.0000,  0.0000,  0.0000],
         [ 0.0000,  0.0000,  0.0000,  ...,  0.0000,  0.0000,  0.0000],
         [ 0.0000,  0.0000,  0.0000,  ...,  0.0000,  0.0000,  0.0000]]]), 'encoder_hidden_values': tensor([[[-2.1219e-02, -1.4475e-02, -2.6126e-02,  ...,  3.2574e-02,
          -4.4814e-03, -2.1423e-02],
         [-1.8840e-02, -4.7574e-02,  7.5932e-03,  ...,  6.3159e-02,
          -1.5322e-02, -4.5981e-03],
         [ 6.3198e-05,  1.5453e-02, -2.4065e-02,  ...,  4.5846e-02,
           2.6400e-02, -5.8096e-02],
         ...,
         [ 0.0000e+00,  0.0000e+00,  0.0000e+00,  ...,  0.0000e+00,
           0.0000e+00,  0.0000e+00],
         [ 0.0000e+00,  0.0000e+00,  0.0000e+00,  ...,  0.0000e+00,
           0.0000e+00,  0.0000e+00],
         [ 0.0000e+00,  0.0000e+00,  0.0000e+00,  ...,  0.0000e+00,
           0.0000e+00,  0.0000e+00]],

        [[ 5.0287e-02,  4.9024e-03, -7.9335e-03,  ..., -4.9463e-02,
          -3.5469e-02,  1.6056e-02],
         [ 3.1380e-02, -1.2111e-02, -4.8774e-02,  ...,  1.9408e-02,
          -4.4628e-02,  1.9152e-03],
         [ 4.2496e-02,  1.9885e-03, -4.4611e-02,  ...,  2.7010e-02,
          -3.0374e-02,  1.7869e-02],
         ...,
         [ 0.0000e+00,  0.0000e+00,  0.0000e+00,  ...,  0.0000e+00,
           0.0000e+00,  0.0000e+00],
         [ 0.0000e+00,  0.0000e+00,  0.0000e+00,  ...,  0.0000e+00,
           0.0000e+00,  0.0000e+00],
         [ 0.0000e+00,  0.0000e+00,  0.0000e+00,  ...,  0.0000e+00,
           0.0000e+00,  0.0000e+00]],

        [[ 4.4980e-03, -6.0781e-02,  6.6367e-03,  ...,  1.5020e-02,
           1.7825e-02,  2.4114e-02],
         [-3.3396e-04, -2.8660e-02, -7.7820e-03,  ...,  8.0077e-03,
          -1.1159e-02, -3.0825e-02],
         [-1.0365e-02,  1.1563e-02, -1.7387e-02,  ...,  1.3466e-02,
          -7.7633e-02, -5.2527e-02],
         ...,
         [ 0.0000e+00,  0.0000e+00,  0.0000e+00,  ...,  0.0000e+00,
           0.0000e+00,  0.0000e+00],
         [ 0.0000e+00,  0.0000e+00,  0.0000e+00,  ...,  0.0000e+00,
           0.0000e+00,  0.0000e+00],
         [ 0.0000e+00,  0.0000e+00,  0.0000e+00,  ...,  0.0000e+00,
           0.0000e+00,  0.0000e+00]],

        ...,

        [[-1.5213e-02,  5.3484e-02,  1.7099e-02,  ...,  3.7058e-02,
          -2.6050e-02, -2.5280e-02],
         [-1.6754e-03,  4.0367e-02, -2.2455e-02,  ...,  1.5541e-02,
          -6.3367e-02,  3.9770e-02],
         [ 7.8846e-03,  4.4859e-02, -1.5678e-02,  ..., -2.4070e-04,
          -7.2611e-02,  3.6827e-02],
         ...,
         [ 0.0000e+00,  0.0000e+00,  0.0000e+00,  ...,  0.0000e+00,
           0.0000e+00,  0.0000e+00],
         [ 0.0000e+00,  0.0000e+00,  0.0000e+00,  ...,  0.0000e+00,
           0.0000e+00,  0.0000e+00],
         [ 0.0000e+00,  0.0000e+00,  0.0000e+00,  ...,  0.0000e+00,
           0.0000e+00,  0.0000e+00]],

        [[-3.2051e-02, -1.9269e-02,  3.2898e-02,  ...,  4.0350e-02,
           3.8678e-02, -1.5727e-02],
         [-2.3601e-02, -1.7045e-02,  6.4660e-03,  ..., -1.5860e-03,
          -4.8166e-02,  1.4374e-02],
         [-3.9661e-02, -6.0229e-03,  2.5207e-02,  ..., -6.5993e-02,
          -1.0646e-03, -6.7180e-03],
         ...,
         [ 0.0000e+00,  0.0000e+00,  0.0000e+00,  ...,  0.0000e+00,
           0.0000e+00,  0.0000e+00],
         [ 0.0000e+00,  0.0000e+00,  0.0000e+00,  ...,  0.0000e+00,
           0.0000e+00,  0.0000e+00],
         [ 0.0000e+00,  0.0000e+00,  0.0000e+00,  ...,  0.0000e+00,
           0.0000e+00,  0.0000e+00]],

        [[-4.6843e-02, -7.2982e-02, -5.2202e-03,  ...,  1.2627e-02,
           1.7042e-02, -1.4289e-02],
         [ 2.6201e-02, -9.2454e-03, -2.4992e-02,  ..., -4.0898e-02,
          -8.6419e-03,  4.7946e-02],
         [ 1.7069e-02, -4.3810e-02,  9.7952e-03,  ...,  7.3095e-02,
          -3.8170e-02,  5.7369e-02],
         ...,
         [ 0.0000e+00,  0.0000e+00,  0.0000e+00,  ...,  0.0000e+00,
           0.0000e+00,  0.0000e+00],
         [ 0.0000e+00,  0.0000e+00,  0.0000e+00,  ...,  0.0000e+00,
           0.0000e+00,  0.0000e+00],
         [ 0.0000e+00,  0.0000e+00,  0.0000e+00,  ...,  0.0000e+00,
           0.0000e+00,  0.0000e+00]]]), 'encoder_attention_mask': tensor([[[1, 0, 0,  ..., 0, 0, 0],
         [1, 1, 0,  ..., 0, 0, 0],
         [1, 1, 1,  ..., 0, 0, 0],
         ...,
         [1, 1, 1,  ..., 0, 0, 0],
         [1, 1, 1,  ..., 0, 0, 0],
         [1, 1, 1,  ..., 0, 0, 0]],

        [[1, 0, 0,  ..., 0, 0, 0],
         [1, 1, 0,  ..., 0, 0, 0],
         [1, 1, 1,  ..., 0, 0, 0],
         ...,
         [1, 1, 1,  ..., 0, 0, 0],
         [1, 1, 1,  ..., 0, 0, 0],
         [1, 1, 1,  ..., 0, 0, 0]],

        [[1, 0, 0,  ..., 0, 0, 0],
         [1, 1, 0,  ..., 0, 0, 0],
         [1, 1, 1,  ..., 0, 0, 0],
         ...,
         [1, 1, 1,  ..., 0, 0, 0],
         [1, 1, 1,  ..., 0, 0, 0],
         [1, 1, 1,  ..., 0, 0, 0]],

        ...,

        [[1, 0, 0,  ..., 0, 0, 0],
         [1, 1, 0,  ..., 0, 0, 0],
         [1, 1, 1,  ..., 0, 0, 0],
         ...,
         [1, 1, 1,  ..., 0, 0, 0],
         [1, 1, 1,  ..., 0, 0, 0],
         [1, 1, 1,  ..., 0, 0, 0]],

        [[1, 0, 0,  ..., 0, 0, 0],
         [1, 1, 0,  ..., 0, 0, 0],
         [1, 1, 1,  ..., 0, 0, 0],
         ...,
         [1, 1, 1,  ..., 0, 0, 0],
         [1, 1, 1,  ..., 0, 0, 0],
         [1, 1, 1,  ..., 0, 0, 0]],

        [[1, 0, 0,  ..., 0, 0, 0],
         [1, 1, 0,  ..., 0, 0, 0],
         [1, 1, 1,  ..., 0, 0, 0],
         ...,
         [1, 1, 1,  ..., 0, 0, 0],
         [1, 1, 1,  ..., 0, 0, 0],
         [1, 1, 1,  ..., 0, 0, 0]]], dtype=torch.int32)}
